[35m[Appium][39m Welcome to Appium v1.22.2
[35m[Appium][39m Non-default server args:
[35m[Appium][39m   port: 62100
[35m[Appium][39m   loglevel: info
[35m[Appium][39m   tmpDir: C:\Users\oyuye\AppData\Local\Temp\\Katalon\Appium\Temp1710296394334
[35m[Appium][39m Appium REST http interface listener started on 0.0.0.0:62100
[35m[HTTP][39m [37m-->[39m [37mGET[39m [37m/wd/hub/status[39m
[35m[HTTP][39m [90m{}[39m
[35m[HTTP][39m [37m<-- GET /wd/hub/status [39m[32m200[39m [90m4 ms - 68[39m
[35m[HTTP][39m [90m[39m
[35m[HTTP][39m [37m-->[39m [37mGET[39m [37m/wd/hub/status[39m
[35m[HTTP][39m [90m{}[39m
[35m[HTTP][39m [37m<-- GET /wd/hub/status [39m[32m200[39m [90m1 ms - 68[39m
[35m[HTTP][39m [90m[39m
[35m[HTTP][39m [37m-->[39m [37mPOST[39m [37m/wd/hub/session[39m
[35m[HTTP][39m [90m{"desiredCapabilities":{"app":"C:\\Users\\oyuye\\Downloads\\ApiDemos.apk","noReset":true,"newCommandTimeout":1800,"platformVersion":"12","automationName":"uiautomator2","autoGrantPermissions":true,"platformName":"Android","udid":"a1d9e611","deviceName":"Xiaomi M2102J20SG (Android 12)","fullReset":false,"systemPort":62109},"capabilities":{"firstMatch":[{"appium:app":"C:\\Users\\oyuye\\Downloads\\ApiDemos.apk","appium:autoGrantPermissions":true,"appium:automationName":"uiautomator2","appium:deviceName":"Xiaomi M2102J20SG (Android 12)","appium:fullReset":false,"appium:newCommandTimeout":1800,"appium:noReset":true,"platformName":"android","appium:platformVersion":"12","appium:systemPort":62109,"appium:udid":"a1d9e611"}]}}[39m
[35m[Appium][39m Appium v1.22.2 creating new AndroidUiautomator2Driver (v1.70.1) session
[35m[BaseDriver][39m Session created with session id: 9cf2f122-67ff-4df2-a0e7-2ecbfab39899
[35m[BaseDriver][39m Using local app 'C:\Users\oyuye\Downloads\ApiDemos.apk'
[35m[ADB][39m Found 1 'build-tools' folders under 'C:\Users\oyuye\.katalon\tools\android_sdk' (newest first):
[35m[ADB][39m     C:/Users/oyuye/.katalon/tools/android_sdk/build-tools/29.0.3
[35m[ADB][39m Using 'adb.exe' from 'C:\Users\oyuye\.katalon\tools\android_sdk\platform-tools\adb.exe'
[35m[AndroidDriver][39m Retrieving device list
[35m[AndroidDriver][39m Using device: a1d9e611
[35m[ADB][39m Using 'adb.exe' from 'C:\Users\oyuye\.katalon\tools\android_sdk\platform-tools\adb.exe'
[35m[ADB][39m Getting device platform version
[35m[UiAutomator2][39m Relaxing hidden api policy
[35m[ADB][39m Package name: 'io.appium.android.apis'
[35m[ADB][39m Main activity name: 'ApiDemos'
[35m[ADB][39m Using 'apksigner.jar' from 'C:\Users\oyuye\.katalon\tools\android_sdk\build-tools\29.0.3\lib\apksigner.jar'
[35m[ADB][39m 'C:\Users\oyuye\AppData\Roaming\npm\node_modules\appium\node_modules\appium-uiautomator2-server\apks\appium-uiautomator2-server-v4.27.0.apk' is signed with the default certificate
[35m[ADB][39m 'C:\Users\oyuye\AppData\Roaming\npm\node_modules\appium\node_modules\appium-uiautomator2-server\apks\appium-uiautomator2-server-debug-androidTest.apk' is signed with the default certificate
[35m[UiAutomator2][39m Server packages are not going to be (re)installed
[35m[ADB][39m Adding packages ["io.appium.settings","io.appium.uiautomator2.server","io.appium.uiautomator2.server.test"] to Doze whitelist
[35m[ADB][39m 'C:\Users\oyuye\Downloads\ApiDemos.apk' is signed with the default certificate
[35m[ADB][39m The application at 'C:\Users\oyuye\Downloads\ApiDemos.apk' will not be cached, because the device under test has confirmed the support of streamed installs
[35m[ADB][39m The installation of 'ApiDemos.apk' took 4759ms
[35m[UiAutomator2][39m Starting UIAutomator2 server 4.27.0
[35m[UiAutomator2][39m Using UIAutomator2 server from 'C:\Users\oyuye\AppData\Roaming\npm\node_modules\appium\node_modules\appium-uiautomator2-server\apks\appium-uiautomator2-server-v4.27.0.apk' and test from 'C:\Users\oyuye\AppData\Roaming\npm\node_modules\appium\node_modules\appium-uiautomator2-server\apks\appium-uiautomator2-server-debug-androidTest.apk'
[35m[UiAutomator2][39m Waiting up to 30000ms for UiAutomator2 to be online...
[35m[WD Proxy][39m socket hang up
[35m[WD Proxy][39m socket hang up
[35m[WD Proxy][39m socket hang up
[35m[WD Proxy][39m Determined the downstream protocol as 'W3C'
[35m[AndroidDriver][39m Screen already unlocked, doing nothing
[35m[UiAutomator2][39m Starting 'io.appium.android.apis/ApiDemos and waiting for 'io.appium.android.apis/ApiDemos'
[35m[Appium][39m New AndroidUiautomator2Driver session created successfully, session 9cf2f122-67ff-4df2-a0e7-2ecbfab39899 added to master session list
[35m[HTTP][39m [37m<-- POST /wd/hub/session [39m[32m200[39m [90m13361 ms - 1156[39m
[35m[HTTP][39m [90m[39m
[35m[HTTP][39m [37m-->[39m [37mGET[39m [37m/wd/hub/session/9cf2f122-67ff-4df2-a0e7-2ecbfab39899[39m
[35m[HTTP][39m [90m{}[39m
[35m[HTTP][39m [37m<-- GET /wd/hub/session/9cf2f122-67ff-4df2-a0e7-2ecbfab39899 [39m[32m200[39m [90m9 ms - 1110[39m
[35m[HTTP][39m [90m[39m
[35m[HTTP][39m [37m-->[39m [37mGET[39m [37m/wd/hub/session/9cf2f122-67ff-4df2-a0e7-2ecbfab39899[39m
[35m[HTTP][39m [90m{}[39m
[35m[HTTP][39m [37m<-- GET /wd/hub/session/9cf2f122-67ff-4df2-a0e7-2ecbfab39899 [39m[32m200[39m [90m9 ms - 1110[39m
[35m[HTTP][39m [90m[39m
[35m[HTTP][39m [37m-->[39m [37mGET[39m [37m/wd/hub/status[39m
[35m[HTTP][39m [90m{}[39m
[35m[HTTP][39m [37m<-- GET /wd/hub/status [39m[32m200[39m [90m0 ms - 68[39m
[35m[HTTP][39m [90m[39m
[35m[HTTP][39m [37m-->[39m [37mPOST[39m [37m/wd/hub/session/9cf2f122-67ff-4df2-a0e7-2ecbfab39899/timeouts[39m
[35m[HTTP][39m [90m{"implicit":60000}[39m
[35m[HTTP][39m [37m<-- POST /wd/hub/session/9cf2f122-67ff-4df2-a0e7-2ecbfab39899/timeouts [39m[32m200[39m [90m2 ms - 14[39m
[35m[HTTP][39m [90m[39m
[35m[HTTP][39m [37m-->[39m [37mGET[39m [37m/wd/hub/session/9cf2f122-67ff-4df2-a0e7-2ecbfab39899/source[39m
[35m[HTTP][39m [90m{}[39m
[35m[W3C (9cf2f122)][39m Driver proxy active, passing request on via HTTP proxy
[35m[WD Proxy][39m Replacing sessionId 0ef1af88-6307-45a6-b744-313fdedd220b with 9cf2f122-67ff-4df2-a0e7-2ecbfab39899
[35m[HTTP][39m [37m<-- GET /wd/hub/session/9cf2f122-67ff-4df2-a0e7-2ecbfab39899/source [39m[32m200[39m [90m593 ms - 7206[39m
[35m[HTTP][39m [90m[39m
[35m[HTTP][39m [37m-->[39m [37mGET[39m [37m/wd/hub/session/9cf2f122-67ff-4df2-a0e7-2ecbfab39899/screenshot[39m
[35m[HTTP][39m [90m{}[39m
[35m[HTTP][39m [37m<-- GET /wd/hub/session/9cf2f122-67ff-4df2-a0e7-2ecbfab39899/screenshot [39m[32m200[39m [90m382 ms - 185670[39m
[35m[HTTP][39m [90m[39m
[35m[HTTP][39m [37m-->[39m [37mGET[39m [37m/wd/hub/session/9cf2f122-67ff-4df2-a0e7-2ecbfab39899/source[39m
[35m[HTTP][39m [90m{}[39m
[35m[W3C (9cf2f122)][39m Driver proxy active, passing request on via HTTP proxy
[35m[WD Proxy][39m Replacing sessionId 0ef1af88-6307-45a6-b744-313fdedd220b with 9cf2f122-67ff-4df2-a0e7-2ecbfab39899
[35m[HTTP][39m [37m<-- GET /wd/hub/session/9cf2f122-67ff-4df2-a0e7-2ecbfab39899/source [39m[32m200[39m [90m93 ms - 8117[39m
[35m[HTTP][39m [90m[39m
[35m[HTTP][39m [37m-->[39m [37mGET[39m [37m/wd/hub/session/9cf2f122-67ff-4df2-a0e7-2ecbfab39899/screenshot[39m
[35m[HTTP][39m [90m{}[39m
[35m[HTTP][39m [37m<-- GET /wd/hub/session/9cf2f122-67ff-4df2-a0e7-2ecbfab39899/screenshot [39m[32m200[39m [90m341 ms - 124974[39m
[35m[HTTP][39m [90m[39m
[35m[HTTP][39m [37m-->[39m [37mPOST[39m [37m/wd/hub/session/9cf2f122-67ff-4df2-a0e7-2ecbfab39899/elements[39m
[35m[HTTP][39m [90m{"using":"xpath","value":"//*[@class = 'android.widget.TextView' and (@text = 'Accessibility' or . = 'Accessibility') and @resource-id = 'android:id/text1']"}[39m
[35m[HTTP][39m [37m<-- POST /wd/hub/session/9cf2f122-67ff-4df2-a0e7-2ecbfab39899/elements [39m[32m200[39m [90m531 ms - 139[39m
[35m[HTTP][39m [90m[39m
[35m[HTTP][39m [37m-->[39m [37mGET[39m [37m/wd/hub/session/9cf2f122-67ff-4df2-a0e7-2ecbfab39899/window/rect[39m
[35m[HTTP][39m [90m{}[39m
[35m[HTTP][39m [37m<-- GET /wd/hub/session/9cf2f122-67ff-4df2-a0e7-2ecbfab39899/window/rect [39m[32m200[39m [90m18 ms - 50[39m
[35m[HTTP][39m [90m[39m
[35m[HTTP][39m [37m-->[39m [37mPOST[39m [37m/wd/hub/session/9cf2f122-67ff-4df2-a0e7-2ecbfab39899/elements[39m
[35m[HTTP][39m [90m{"using":"xpath","value":"//*[@class = 'android.widget.TextView' and (@text = 'Accessibility' or . = 'Accessibility') and @resource-id = 'android:id/text1']"}[39m
[35m[HTTP][39m [37m<-- POST /wd/hub/session/9cf2f122-67ff-4df2-a0e7-2ecbfab39899/elements [39m[32m200[39m [90m151 ms - 139[39m
[35m[HTTP][39m [90m[39m
[35m[HTTP][39m [37m-->[39m [37mGET[39m [37m/wd/hub/session/9cf2f122-67ff-4df2-a0e7-2ecbfab39899/element/00000000-0000-0085-ffff-ffff00000007/location[39m
[35m[HTTP][39m [90m{}[39m
[35m[W3C (9cf2f122)][39m Driver proxy active, passing request on via HTTP proxy
[35m[WD Proxy][39m Replacing sessionId 0ef1af88-6307-45a6-b744-313fdedd220b with 9cf2f122-67ff-4df2-a0e7-2ecbfab39899
[35m[HTTP][39m [37m<-- GET /wd/hub/session/9cf2f122-67ff-4df2-a0e7-2ecbfab39899/element/00000000-0000-0085-ffff-ffff00000007/location [39m[32m200[39m [90m27 ms - 76[39m
[35m[HTTP][39m [90m[39m
[35m[HTTP][39m [37m-->[39m [37mPOST[39m [37m/wd/hub/session/9cf2f122-67ff-4df2-a0e7-2ecbfab39899/element/00000000-0000-0085-ffff-ffff00000007/click[39m
[35m[HTTP][39m [90m{"id":"00000000-0000-0085-ffff-ffff00000007"}[39m
[35m[HTTP][39m [37m<-- POST /wd/hub/session/9cf2f122-67ff-4df2-a0e7-2ecbfab39899/element/00000000-0000-0085-ffff-ffff00000007/click [39m[32m200[39m [90m901 ms - 14[39m
[35m[HTTP][39m [90m[39m
[35m[HTTP][39m [37m-->[39m [37mGET[39m [37m/wd/hub/session/9cf2f122-67ff-4df2-a0e7-2ecbfab39899/source[39m
[35m[HTTP][39m [90m{}[39m
[35m[W3C (9cf2f122)][39m Driver proxy active, passing request on via HTTP proxy
[35m[WD Proxy][39m Replacing sessionId 0ef1af88-6307-45a6-b744-313fdedd220b with 9cf2f122-67ff-4df2-a0e7-2ecbfab39899
[35m[HTTP][39m [37m<-- GET /wd/hub/session/9cf2f122-67ff-4df2-a0e7-2ecbfab39899/source [39m[32m200[39m [90m67 ms - 5150[39m
[35m[HTTP][39m [90m[39m
[35m[HTTP][39m [37m-->[39m [37mGET[39m [37m/wd/hub/session/9cf2f122-67ff-4df2-a0e7-2ecbfab39899/screenshot[39m
[35m[HTTP][39m [90m{}[39m
[35m[HTTP][39m [37m<-- GET /wd/hub/session/9cf2f122-67ff-4df2-a0e7-2ecbfab39899/screenshot [39m[32m200[39m [90m343 ms - 120002[39m
[35m[HTTP][39m [90m[39m
[35m[HTTP][39m [37m-->[39m [37mPOST[39m [37m/wd/hub/session/9cf2f122-67ff-4df2-a0e7-2ecbfab39899/elements[39m
[35m[HTTP][39m [90m{"using":"xpath","value":"//*[@class = 'android.widget.TextView' and (@text = 'Accessibility Service' or . = 'Accessibility Service') and @resource-id = 'android:id/text1']"}[39m
[35m[HTTP][39m [37m<-- POST /wd/hub/session/9cf2f122-67ff-4df2-a0e7-2ecbfab39899/elements [39m[32m200[39m [90m111 ms - 139[39m
[35m[HTTP][39m [90m[39m
[35m[HTTP][39m [37m-->[39m [37mGET[39m [37m/wd/hub/session/9cf2f122-67ff-4df2-a0e7-2ecbfab39899/window/rect[39m
[35m[HTTP][39m [90m{}[39m
[35m[HTTP][39m [37m<-- GET /wd/hub/session/9cf2f122-67ff-4df2-a0e7-2ecbfab39899/window/rect [39m[32m200[39m [90m20 ms - 50[39m
[35m[HTTP][39m [90m[39m
[35m[HTTP][39m [37m-->[39m [37mPOST[39m [37m/wd/hub/session/9cf2f122-67ff-4df2-a0e7-2ecbfab39899/elements[39m
[35m[HTTP][39m [90m{"using":"xpath","value":"//*[@class = 'android.widget.TextView' and (@text = 'Accessibility Service' or . = 'Accessibility Service') and @resource-id = 'android:id/text1']"}[39m
[35m[HTTP][39m [37m<-- POST /wd/hub/session/9cf2f122-67ff-4df2-a0e7-2ecbfab39899/elements [39m[32m200[39m [90m107 ms - 139[39m
[35m[HTTP][39m [90m[39m
[35m[HTTP][39m [37m-->[39m [37mGET[39m [37m/wd/hub/session/9cf2f122-67ff-4df2-a0e7-2ecbfab39899/element/00000000-0000-0086-ffff-ffff0000001c/location[39m
[35m[HTTP][39m [90m{}[39m
[35m[W3C (9cf2f122)][39m Driver proxy active, passing request on via HTTP proxy
[35m[WD Proxy][39m Replacing sessionId 0ef1af88-6307-45a6-b744-313fdedd220b with 9cf2f122-67ff-4df2-a0e7-2ecbfab39899
[35m[HTTP][39m [37m<-- GET /wd/hub/session/9cf2f122-67ff-4df2-a0e7-2ecbfab39899/element/00000000-0000-0086-ffff-ffff0000001c/location [39m[32m200[39m [90m534 ms - 76[39m
[35m[HTTP][39m [90m[39m
[35m[HTTP][39m [37m-->[39m [37mPOST[39m [37m/wd/hub/session/9cf2f122-67ff-4df2-a0e7-2ecbfab39899/element/00000000-0000-0086-ffff-ffff0000001c/click[39m
[35m[HTTP][39m [90m{"id":"00000000-0000-0086-ffff-ffff0000001c"}[39m
[35m[HTTP][39m [37m<-- POST /wd/hub/session/9cf2f122-67ff-4df2-a0e7-2ecbfab39899/element/00000000-0000-0086-ffff-ffff0000001c/click [39m[32m200[39m [90m772 ms - 14[39m
[35m[HTTP][39m [90m[39m
[35m[HTTP][39m [37m-->[39m [37mGET[39m [37m/wd/hub/session/9cf2f122-67ff-4df2-a0e7-2ecbfab39899/source[39m
[35m[HTTP][39m [90m{}[39m
[35m[W3C (9cf2f122)][39m Driver proxy active, passing request on via HTTP proxy
[35m[WD Proxy][39m Replacing sessionId 0ef1af88-6307-45a6-b744-313fdedd220b with 9cf2f122-67ff-4df2-a0e7-2ecbfab39899
[35m[HTTP][39m [37m<-- GET /wd/hub/session/9cf2f122-67ff-4df2-a0e7-2ecbfab39899/source [39m[32m200[39m [90m82 ms - 5249[39m
[35m[HTTP][39m [90m[39m
[35m[HTTP][39m [37m-->[39m [37mGET[39m [37m/wd/hub/session/9cf2f122-67ff-4df2-a0e7-2ecbfab39899/screenshot[39m
[35m[HTTP][39m [90m{}[39m
[35m[HTTP][39m [37m<-- GET /wd/hub/session/9cf2f122-67ff-4df2-a0e7-2ecbfab39899/screenshot [39m[32m200[39m [90m351 ms - 220068[39m
[35m[HTTP][39m [90m[39m
[35m[HTTP][39m [37m-->[39m [37mDELETE[39m [37m/wd/hub/session/9cf2f122-67ff-4df2-a0e7-2ecbfab39899[39m
[35m[HTTP][39m [90m{}[39m
[35m[Appium][39m Removing session 9cf2f122-67ff-4df2-a0e7-2ecbfab39899 from our master session list
[35m[UiAutomator2][39m Restoring hidden api policy to the device default configuration
[35m[HTTP][39m [37m<-- DELETE /wd/hub/session/9cf2f122-67ff-4df2-a0e7-2ecbfab39899 [39m[32m200[39m [90m324 ms - 14[39m
[35m[HTTP][39m [90m[39m
